<?xml version="1.0" encoding="UTF-8"?>
<!-- Generated by org.testng.reporters.JUnitReportReporter -->
<testsuite hostname="LAPTOP-GMQ7TUVJ" failures="0" tests="1" name="ui.Screenshot" time="3.776" errors="0" timestamp="2021-07-20T21:22:32 IST" skipped="0">
  <testcase classname="ui.Screenshot" name="screenshots" time="3.776"/>
  <system-out/>
</testsuite> <!-- ui.Screenshot -->
